Using pre-set license
Built from '2021.3/staging' branch; Version is '2021.3.24f1 (cf10dcf7010d) revision 13570268'; Using compiler version '192829333'; Build Type 'Release'
OS: 'Windows 10  (10.0.19045) 64bit Professional' Language: 'pt' Physical Memory: 8150 MB
BatchMode: 1, IsHumanControllingUs: 0, StartBugReporterOnCrash: 0, Is64bit: 1, IsPro: 1

COMMAND LINE ARGUMENTS:
C:\Program Files\Unity\Hub\Editor\2021.3.24f1\Editor\Unity.exe
-adb2
-batchMode
-noUpm
-name
AssetImportWorker4
-projectPath
C:/Users/GAME-PC/Documents/GitHub/cia/cia
-logFile
Logs/AssetImportWorker4.log
-srvPort
60115
Successfully changed project path to: C:/Users/GAME-PC/Documents/GitHub/cia/cia
C:/Users/GAME-PC/Documents/GitHub/cia/cia
[UnityMemory] Configuration Parameters - Can be set up in boot.config
    "memorysetup-bucket-allocator-granularity=16"
    "memorysetup-bucket-allocator-bucket-count=8"
    "memorysetup-bucket-allocator-block-size=33554432"
    "memorysetup-bucket-allocator-block-count=8"
    "memorysetup-main-allocator-block-size=16777216"
    "memorysetup-thread-allocator-block-size=16777216"
    "memorysetup-gfx-main-allocator-block-size=16777216"
    "memorysetup-gfx-thread-allocator-block-size=16777216"
    "memorysetup-cache-allocator-block-size=4194304"
    "memorysetup-typetree-allocator-block-size=2097152"
    "memorysetup-profiler-bucket-allocator-granularity=16"
    "memorysetup-profiler-bucket-allocator-bucket-count=8"
    "memorysetup-profiler-bucket-allocator-block-size=33554432"
    "memorysetup-profiler-bucket-allocator-block-count=8"
    "memorysetup-profiler-allocator-block-size=16777216"
    "memorysetup-profiler-editor-allocator-block-size=1048576"
    "memorysetup-temp-allocator-size-main=16777216"
    "memorysetup-job-temp-allocator-block-size=2097152"
    "memorysetup-job-temp-allocator-block-size-background=1048576"
    "memorysetup-job-temp-allocator-reduction-small-platforms=262144"
    "memorysetup-temp-allocator-size-background-worker=32768"
    "memorysetup-temp-allocator-size-job-worker=262144"
    "memorysetup-temp-allocator-size-preload-manager=33554432"
    "memorysetup-temp-allocator-size-nav-mesh-worker=65536"
    "memorysetup-temp-allocator-size-audio-worker=65536"
    "memorysetup-temp-allocator-size-cloud-worker=32768"
    "memorysetup-temp-allocator-size-gi-baking-worker=262144"
    "memorysetup-temp-allocator-size-gfx=262144"
Player connection [17688] Host "[IP] 192.168.1.2 [Port] 0 [Flags] 2 [Guid] 4195306377 [EditorId] 4195306377 [Version] 1048832 [Id] WindowsEditor(7,Mauricio-DESKTOP) [Debug] 1 [PackageName] WindowsEditor [ProjectName] Editor" joined multi-casting on [225.0.0.222:54997]...

Player connection [17688] Host "[IP] 192.168.1.2 [Port] 0 [Flags] 2 [Guid] 4195306377 [EditorId] 4195306377 [Version] 1048832 [Id] WindowsEditor(7,Mauricio-DESKTOP) [Debug] 1 [PackageName] WindowsEditor [ProjectName] Editor" joined alternative multi-casting on [225.0.0.222:34997]...

Refreshing native plugins compatible for Editor in 122.68 ms, found 4 plugins.
Preloading 0 native plugins for Editor in 0.00 ms.
Initialize engine version: 2021.3.24f1 (cf10dcf7010d)
[Subsystems] Discovering subsystems at path C:/Program Files/Unity/Hub/Editor/2021.3.24f1/Editor/Data/Resources/UnitySubsystems
[Subsystems] Discovering subsystems at path C:/Users/GAME-PC/Documents/GitHub/cia/cia/Assets
GfxDevice: creating device client; threaded=0; jobified=0
Direct3D:
    Version:  Direct3D 11.0 [level 11.1]
    Renderer: NVIDIA GeForce GTX 1070 (ID=0x1b81)
    Vendor:   NVIDIA
    VRAM:     8081 MB
    Driver:   31.0.15.4665
Initialize mono
Mono path[0] = 'C:/Program Files/Unity/Hub/Editor/2021.3.24f1/Editor/Data/Managed'
Mono path[1] = 'C:/Program Files/Unity/Hub/Editor/2021.3.24f1/Editor/Data/MonoBleedingEdge/lib/mono/unityjit-win32'
Mono config path = 'C:/Program Files/Unity/Hub/Editor/2021.3.24f1/Editor/Data/MonoBleedingEdge/etc'
Using monoOptions --debugger-agent=transport=dt_socket,embedding=1,server=y,suspend=n,address=127.0.0.1:56524
Begin MonoManager ReloadAssembly
Registering precompiled unity dll's ...
Register platform support module: C:/Program Files/Unity/Hub/Editor/2021.3.24f1/Editor/Data/PlaybackEngines/WindowsStandaloneSupport/UnityEditor.WindowsStandalone.Extensions.dll
Registered in 0.015494 seconds.
Native extension for WindowsStandalone target not found
Refreshing native plugins compatible for Editor in 118.65 ms, found 4 plugins.
Preloading 0 native plugins for Editor in 0.00 ms.
Mono: successfully reloaded assembly
- Completed reload, in  0.957 seconds
Domain Reload Profiling:
	ReloadAssembly (957ms)
		BeginReloadAssembly (125ms)
			ExecutionOrderSort (0ms)
			DisableScriptedObjects (0ms)
			BackupInstance (0ms)
			ReleaseScriptingObjects (0ms)
			CreateAndSetChildDomain (1ms)
		EndReloadAssembly (670ms)
			LoadAssemblies (120ms)
			RebuildTransferFunctionScriptingTraits (0ms)
			SetupTypeCache (147ms)
			ReleaseScriptCaches (0ms)
			RebuildScriptCaches (39ms)
			SetupLoadedEditorAssemblies (359ms)
				LogAssemblyErrors (0ms)
				InitializePlatformSupportModulesInManaged (14ms)
				SetLoadedEditorAssemblies (0ms)
				RefreshPlugins (119ms)
				BeforeProcessingInitializeOnLoad (1ms)
				ProcessInitializeOnLoadAttributes (163ms)
				ProcessInitializeOnLoadMethodAttributes (61ms)
				AfterProcessingInitializeOnLoad (0ms)
				EditorAssembliesLoaded (0ms)
			ExecutionOrderSort2 (0ms)
			AwakeInstancesAfterBackupRestoration (0ms)
Platform modules already initialized, skipping
Registering precompiled user dll's ...
Registered in 0.016760 seconds.
Begin MonoManager ReloadAssembly
Symbol file LoadedFromMemory doesn't match image C:\Users\GAME-PC\Documents\GitHub\cia\cia\Library\PackageCache\com.unity.visualscripting@1.8.0\Editor\VisualScripting.Core\Dependencies\YamlDotNet\Unity.VisualScripting.YamlDotNet.dll
Symbol file LoadedFromMemory doesn't match image C:\Users\GAME-PC\Documents\GitHub\cia\cia\Library\PackageCache\com.unity.visualscripting@1.8.0\Editor\VisualScripting.Core\Dependencies\DotNetZip\Unity.VisualScripting.IonicZip.dll
Native extension for WindowsStandalone target not found
Refreshing native plugins compatible for Editor in 117.01 ms, found 4 plugins.
Preloading 0 native plugins for Editor in 0.00 ms.
Mono: successfully reloaded assembly
- Completed reload, in  1.617 seconds
Domain Reload Profiling:
	ReloadAssembly (1618ms)
		BeginReloadAssembly (176ms)
			ExecutionOrderSort (0ms)
			DisableScriptedObjects (8ms)
			BackupInstance (0ms)
			ReleaseScriptingObjects (0ms)
			CreateAndSetChildDomain (27ms)
		EndReloadAssembly (1282ms)
			LoadAssemblies (144ms)
			RebuildTransferFunctionScriptingTraits (0ms)
			SetupTypeCache (356ms)
			ReleaseScriptCaches (1ms)
			RebuildScriptCaches (91ms)
			SetupLoadedEditorAssemblies (642ms)
				LogAssemblyErrors (0ms)
				InitializePlatformSupportModulesInManaged (7ms)
				SetLoadedEditorAssemblies (0ms)
				RefreshPlugins (117ms)
				BeforeProcessingInitializeOnLoad (139ms)
				ProcessInitializeOnLoadAttributes (316ms)
				ProcessInitializeOnLoadMethodAttributes (44ms)
				AfterProcessingInitializeOnLoad (18ms)
				EditorAssembliesLoaded (0ms)
			ExecutionOrderSort2 (0ms)
			AwakeInstancesAfterBackupRestoration (10ms)
Platform modules already initialized, skipping
========================================================================
Worker process is ready to serve import requests
Launched and connected shader compiler UnityShaderCompiler.exe after 0.19 seconds
Refreshing native plugins compatible for Editor in 0.75 ms, found 4 plugins.
Preloading 0 native plugins for Editor in 0.00 ms.
Unloading 3984 Unused Serialized files (Serialized files now loaded: 0)
Unloading 38 unused Assets / (56.7 KB). Loaded Objects now: 4447.
Memory consumption went from 154.0 MB to 153.9 MB.
Total: 4.135700 ms (FindLiveObjects: 0.442800 ms CreateObjectMapping: 0.515500 ms MarkObjects: 3.068900 ms  DeleteObjects: 0.107600 ms)

AssetImportParameters requested are different than current active one (requested -> active):
  custom:video-decoder-ogg-theora: a1e56fd34408186e4bbccfd4996cb3dc -> 
  custom:container-muxer-webm: aa71ff27fc2769a1b78a27578f13a17b -> 
  custom:container-demuxer-webm: 4f35f7cbe854078d1ac9338744f61a02 -> 
  custom:video-encoder-webm-vp8: eb34c28f22e8b96e1ab97ce403110664 -> 
  custom:audio-encoder-webm-vorbis: bf7c407c2cedff20999df2af8eb42d56 -> 
  custom:framework-win-MediaFoundation: 216162199b28c13a410421893ffa2e32 -> 
  custom:container-demuxer-ogg: 62fdf1f143b41e24485cea50d1cbac27 -> 
  custom:video-decoder-webm-vp8: 9c59270c3fd7afecdb556c50c9e8de78 -> 
  custom:audio-decoder-ogg-vorbis: bf7c407c2cedff20999df2af8eb42d56 -> 
========================================================================
Received Import Request.
  Time since last request: 892808.054869 seconds.
  path: Assets/Scripts/PowerUps.cs
  artifactKey: Guid(fc31ba393a3f26d4fbb38548f0f364f9) Importer(815301076,1909f56bfc062723c751e8b465ee728b)
Start importing Assets/Scripts/PowerUps.cs using Guid(fc31ba393a3f26d4fbb38548f0f364f9) Importer(815301076,1909f56bfc062723c751e8b465ee728b)  -> (artifact id: 'b918d2683ee5cdae895d563c9352cdd1') in 0.192018 seconds 
========================================================================
Received Import Request.
  Time since last request: 454.657697 seconds.
  path: Assets/Scripts/DialogueTrigger.cs
  artifactKey: Guid(ebfee596bc0a7fe468257c757cdd629e) Importer(815301076,1909f56bfc062723c751e8b465ee728b)
Start importing Assets/Scripts/DialogueTrigger.cs using Guid(ebfee596bc0a7fe468257c757cdd629e) Importer(815301076,1909f56bfc062723c751e8b465ee728b)  -> (artifact id: 'ea1fe3454be0a8b7effadccfbfcfe9f2') in 0.008085 seconds 
========================================================================
Received Import Request.
  Time since last request: 63.764724 seconds.
  path: Assets/Scripts/PresetsController.cs
  artifactKey: Guid(d69c4e25181ce704fb4e96de7a7aa3fe) Importer(815301076,1909f56bfc062723c751e8b465ee728b)
Start importing Assets/Scripts/PresetsController.cs using Guid(d69c4e25181ce704fb4e96de7a7aa3fe) Importer(815301076,1909f56bfc062723c751e8b465ee728b)  -> (artifact id: '05385c9306ce337e7bc5f74f3d5d376c') in 0.011364 seconds 
========================================================================
Received Prepare
Registering precompiled user dll's ...
Registered in 0.012284 seconds.
Begin MonoManager ReloadAssembly
Symbol file LoadedFromMemory doesn't match image C:\Users\GAME-PC\Documents\GitHub\cia\cia\Library\PackageCache\com.unity.visualscripting@1.8.0\Editor\VisualScripting.Core\Dependencies\YamlDotNet\Unity.VisualScripting.YamlDotNet.dll
Symbol file LoadedFromMemory doesn't match image C:\Users\GAME-PC\Documents\GitHub\cia\cia\Library\PackageCache\com.unity.visualscripting@1.8.0\Editor\VisualScripting.Core\Dependencies\DotNetZip\Unity.VisualScripting.IonicZip.dll
Native extension for WindowsStandalone target not found
Refreshing native plugins compatible for Editor in 1.05 ms, found 4 plugins.
Preloading 0 native plugins for Editor in 0.00 ms.
Mono: successfully reloaded assembly
- Completed reload, in  1.368 seconds
Domain Reload Profiling:
	ReloadAssembly (1369ms)
		BeginReloadAssembly (204ms)
			ExecutionOrderSort (0ms)
			DisableScriptedObjects (10ms)
			BackupInstance (0ms)
			ReleaseScriptingObjects (0ms)
			CreateAndSetChildDomain (49ms)
		EndReloadAssembly (1016ms)
			LoadAssemblies (145ms)
			RebuildTransferFunctionScriptingTraits (0ms)
			SetupTypeCache (326ms)
			ReleaseScriptCaches (2ms)
			RebuildScriptCaches (64ms)
			SetupLoadedEditorAssemblies (447ms)
				LogAssemblyErrors (0ms)
				InitializePlatformSupportModulesInManaged (9ms)
				SetLoadedEditorAssemblies (1ms)
				RefreshPlugins (1ms)
				BeforeProcessingInitializeOnLoad (101ms)
				ProcessInitializeOnLoadAttributes (274ms)
				ProcessInitializeOnLoadMethodAttributes (44ms)
				AfterProcessingInitializeOnLoad (16ms)
				EditorAssembliesLoaded (0ms)
			ExecutionOrderSort2 (0ms)
			AwakeInstancesAfterBackupRestoration (8ms)
Platform modules already initialized, skipping
Refreshing native plugins compatible for Editor in 5.57 ms, found 4 plugins.
Preloading 0 native plugins for Editor in 0.00 ms.
Unloading 3943 Unused Serialized files (Serialized files now loaded: 0)
Unloading 25 unused Assets / (24.8 KB). Loaded Objects now: 4450.
Memory consumption went from 149.8 MB to 149.8 MB.
Total: 158.794300 ms (FindLiveObjects: 0.318900 ms CreateObjectMapping: 0.254700 ms MarkObjects: 158.195600 ms  DeleteObjects: 0.024100 ms)

AssetImportParameters requested are different than current active one (requested -> active):
  custom:video-decoder-ogg-theora: a1e56fd34408186e4bbccfd4996cb3dc -> 
  custom:container-muxer-webm: aa71ff27fc2769a1b78a27578f13a17b -> 
  custom:container-demuxer-webm: 4f35f7cbe854078d1ac9338744f61a02 -> 
  custom:video-encoder-webm-vp8: eb34c28f22e8b96e1ab97ce403110664 -> 
  custom:audio-encoder-webm-vorbis: bf7c407c2cedff20999df2af8eb42d56 -> 
  custom:framework-win-MediaFoundation: 216162199b28c13a410421893ffa2e32 -> 
  custom:container-demuxer-ogg: 62fdf1f143b41e24485cea50d1cbac27 -> 
  custom:video-decoder-webm-vp8: 9c59270c3fd7afecdb556c50c9e8de78 -> 
  custom:audio-decoder-ogg-vorbis: bf7c407c2cedff20999df2af8eb42d56 -> 
========================================================================
Received Prepare
Registering precompiled user dll's ...
Registered in 0.017353 seconds.
Begin MonoManager ReloadAssembly
Symbol file LoadedFromMemory doesn't match image C:\Users\GAME-PC\Documents\GitHub\cia\cia\Library\PackageCache\com.unity.visualscripting@1.8.0\Editor\VisualScripting.Core\Dependencies\YamlDotNet\Unity.VisualScripting.YamlDotNet.dll
Symbol file LoadedFromMemory doesn't match image C:\Users\GAME-PC\Documents\GitHub\cia\cia\Library\PackageCache\com.unity.visualscripting@1.8.0\Editor\VisualScripting.Core\Dependencies\DotNetZip\Unity.VisualScripting.IonicZip.dll
Native extension for WindowsStandalone target not found
Refreshing native plugins compatible for Editor in 0.75 ms, found 4 plugins.
Preloading 0 native plugins for Editor in 0.00 ms.
Mono: successfully reloaded assembly
- Completed reload, in  1.280 seconds
Domain Reload Profiling:
	ReloadAssembly (1281ms)
		BeginReloadAssembly (248ms)
			ExecutionOrderSort (0ms)
			DisableScriptedObjects (9ms)
			BackupInstance (0ms)
			ReleaseScriptingObjects (0ms)
			CreateAndSetChildDomain (40ms)
		EndReloadAssembly (913ms)
			LoadAssemblies (278ms)
			RebuildTransferFunctionScriptingTraits (0ms)
			SetupTypeCache (271ms)
			ReleaseScriptCaches (2ms)
			RebuildScriptCaches (48ms)
			SetupLoadedEditorAssemblies (360ms)
				LogAssemblyErrors (0ms)
				InitializePlatformSupportModulesInManaged (7ms)
				SetLoadedEditorAssemblies (0ms)
				RefreshPlugins (1ms)
				BeforeProcessingInitializeOnLoad (91ms)
				ProcessInitializeOnLoadAttributes (210ms)
				ProcessInitializeOnLoadMethodAttributes (37ms)
				AfterProcessingInitializeOnLoad (14ms)
				EditorAssembliesLoaded (0ms)
			ExecutionOrderSort2 (0ms)
			AwakeInstancesAfterBackupRestoration (8ms)
Platform modules already initialized, skipping
Refreshing native plugins compatible for Editor in 3.96 ms, found 4 plugins.
Preloading 0 native plugins for Editor in 0.00 ms.
Unloading 3943 Unused Serialized files (Serialized files now loaded: 0)
Unloading 25 unused Assets / (24.9 KB). Loaded Objects now: 4453.
Memory consumption went from 149.8 MB to 149.8 MB.
Total: 2.907500 ms (FindLiveObjects: 0.291300 ms CreateObjectMapping: 0.245900 ms MarkObjects: 2.348700 ms  DeleteObjects: 0.020900 ms)

AssetImportParameters requested are different than current active one (requested -> active):
  custom:video-decoder-ogg-theora: a1e56fd34408186e4bbccfd4996cb3dc -> 
  custom:container-muxer-webm: aa71ff27fc2769a1b78a27578f13a17b -> 
  custom:container-demuxer-webm: 4f35f7cbe854078d1ac9338744f61a02 -> 
  custom:video-encoder-webm-vp8: eb34c28f22e8b96e1ab97ce403110664 -> 
  custom:audio-encoder-webm-vorbis: bf7c407c2cedff20999df2af8eb42d56 -> 
  custom:framework-win-MediaFoundation: 216162199b28c13a410421893ffa2e32 -> 
  custom:container-demuxer-ogg: 62fdf1f143b41e24485cea50d1cbac27 -> 
  custom:video-decoder-webm-vp8: 9c59270c3fd7afecdb556c50c9e8de78 -> 
  custom:audio-decoder-ogg-vorbis: bf7c407c2cedff20999df2af8eb42d56 -> 
========================================================================
Received Import Request.
  Time since last request: 295.020020 seconds.
  path: Assets/Scripts/CaseController.cs
  artifactKey: Guid(c8855ec2b1bb2184c887279c4d60bfb1) Importer(815301076,1909f56bfc062723c751e8b465ee728b)
Start importing Assets/Scripts/CaseController.cs using Guid(c8855ec2b1bb2184c887279c4d60bfb1) Importer(815301076,1909f56bfc062723c751e8b465ee728b)  -> (artifact id: '2ba6528e3a44a02cff9876e2114932f2') in 0.010788 seconds 
========================================================================
Received Prepare
Registering precompiled user dll's ...
Registered in 0.035432 seconds.
Begin MonoManager ReloadAssembly
Symbol file LoadedFromMemory doesn't match image C:\Users\GAME-PC\Documents\GitHub\cia\cia\Library\PackageCache\com.unity.visualscripting@1.8.0\Editor\VisualScripting.Core\Dependencies\YamlDotNet\Unity.VisualScripting.YamlDotNet.dll
Symbol file LoadedFromMemory doesn't match image C:\Users\GAME-PC\Documents\GitHub\cia\cia\Library\PackageCache\com.unity.visualscripting@1.8.0\Editor\VisualScripting.Core\Dependencies\DotNetZip\Unity.VisualScripting.IonicZip.dll
Native extension for WindowsStandalone target not found
Refreshing native plugins compatible for Editor in 0.74 ms, found 4 plugins.
Preloading 0 native plugins for Editor in 0.00 ms.
Mono: successfully reloaded assembly
- Completed reload, in  1.141 seconds
Domain Reload Profiling:
	ReloadAssembly (1142ms)
		BeginReloadAssembly (176ms)
			ExecutionOrderSort (0ms)
			DisableScriptedObjects (7ms)
			BackupInstance (0ms)
			ReleaseScriptingObjects (0ms)
			CreateAndSetChildDomain (41ms)
		EndReloadAssembly (827ms)
			LoadAssemblies (129ms)
			RebuildTransferFunctionScriptingTraits (0ms)
			SetupTypeCache (264ms)
			ReleaseScriptCaches (2ms)
			RebuildScriptCaches (52ms)
			SetupLoadedEditorAssemblies (360ms)
				LogAssemblyErrors (0ms)
				InitializePlatformSupportModulesInManaged (7ms)
				SetLoadedEditorAssemblies (1ms)
				RefreshPlugins (1ms)
				BeforeProcessingInitializeOnLoad (92ms)
				ProcessInitializeOnLoadAttributes (209ms)
				ProcessInitializeOnLoadMethodAttributes (35ms)
				AfterProcessingInitializeOnLoad (14ms)
				EditorAssembliesLoaded (0ms)
			ExecutionOrderSort2 (0ms)
			AwakeInstancesAfterBackupRestoration (8ms)
Platform modules already initialized, skipping
Refreshing native plugins compatible for Editor in 2.95 ms, found 4 plugins.
Preloading 0 native plugins for Editor in 0.00 ms.
Unloading 3943 Unused Serialized files (Serialized files now loaded: 0)
Unloading 25 unused Assets / (24.8 KB). Loaded Objects now: 4456.
Memory consumption went from 149.8 MB to 149.8 MB.
Total: 4.618600 ms (FindLiveObjects: 0.258900 ms CreateObjectMapping: 0.196600 ms MarkObjects: 4.133200 ms  DeleteObjects: 0.028900 ms)

AssetImportParameters requested are different than current active one (requested -> active):
  custom:video-decoder-ogg-theora: a1e56fd34408186e4bbccfd4996cb3dc -> 
  custom:container-muxer-webm: aa71ff27fc2769a1b78a27578f13a17b -> 
  custom:container-demuxer-webm: 4f35f7cbe854078d1ac9338744f61a02 -> 
  custom:video-encoder-webm-vp8: eb34c28f22e8b96e1ab97ce403110664 -> 
  custom:audio-encoder-webm-vorbis: bf7c407c2cedff20999df2af8eb42d56 -> 
  custom:framework-win-MediaFoundation: 216162199b28c13a410421893ffa2e32 -> 
  custom:container-demuxer-ogg: 62fdf1f143b41e24485cea50d1cbac27 -> 
  custom:video-decoder-webm-vp8: 9c59270c3fd7afecdb556c50c9e8de78 -> 
  custom:audio-decoder-ogg-vorbis: bf7c407c2cedff20999df2af8eb42d56 -> 
========================================================================
Received Import Request.
  Time since last request: 24.587172 seconds.
  path: Assets/Resources/DOTweenSettings.asset
  artifactKey: Guid(0caaa5c2b36d7f54e951f45020769eec) Importer(815301076,1909f56bfc062723c751e8b465ee728b)
Start importing Assets/Resources/DOTweenSettings.asset using Guid(0caaa5c2b36d7f54e951f45020769eec) Importer(815301076,1909f56bfc062723c751e8b465ee728b)  -> (artifact id: 'd060788acab4ef90c1fcc46c30f76992') in 0.291647 seconds 
========================================================================
Received Import Request.
  Time since last request: 0.366296 seconds.
  path: Assets/Prefab/Buttonsfx.prefab
  artifactKey: Guid(a7c8e3527b154dc4da7a5631888a127d) Importer(815301076,1909f56bfc062723c751e8b465ee728b)
Start importing Assets/Prefab/Buttonsfx.prefab using Guid(a7c8e3527b154dc4da7a5631888a127d) Importer(815301076,1909f56bfc062723c751e8b465ee728b)  -> (artifact id: '696aa2d2dc91fad8154e86799eae8283') in 0.251309 seconds 
========================================================================
Received Import Request.
  Time since last request: 0.000018 seconds.
  path: Assets/Prefab/CanvasInstruções.prefab
  artifactKey: Guid(6962de602715a4d4fa5be77eb849413a) Importer(815301076,1909f56bfc062723c751e8b465ee728b)
Start importing Assets/Prefab/CanvasInstruções.prefab using Guid(6962de602715a4d4fa5be77eb849413a) Importer(815301076,1909f56bfc062723c751e8b465ee728b)  -> (artifact id: '818572cf9c95d06c10be1ddd30b8cc87') in 0.247407 seconds 
========================================================================
Received Import Request.
  Time since last request: 0.000032 seconds.
  path: Assets/Prefab/LevelChanger.prefab
  artifactKey: Guid(54cd6aaa93c57d846af5532488e47aa0) Importer(815301076,1909f56bfc062723c751e8b465ee728b)
Start importing Assets/Prefab/LevelChanger.prefab using Guid(54cd6aaa93c57d846af5532488e47aa0) Importer(815301076,1909f56bfc062723c751e8b465ee728b)  -> (artifact id: 'fa6eb1a949262e72e9642d197e68c22e') in 0.012811 seconds 
========================================================================
Received Import Request.
  Time since last request: 0.000017 seconds.
  path: Assets/Prefab/CanvasPersonalizar.prefab
  artifactKey: Guid(c70f4417ce93d4344b33ab87e037db26) Importer(815301076,1909f56bfc062723c751e8b465ee728b)
Start importing Assets/Prefab/CanvasPersonalizar.prefab using Guid(c70f4417ce93d4344b33ab87e037db26) Importer(815301076,1909f56bfc062723c751e8b465ee728b)  -> (artifact id: 'ab3717fda2b69efa9fd1c28fbcc84170') in 0.039912 seconds 
========================================================================
Received Import Request.
  Time since last request: 0.000027 seconds.
  path: Assets/Prefab/CanvasPresets.prefab
  artifactKey: Guid(16111318331536d4ca49ce7446026fa9) Importer(815301076,1909f56bfc062723c751e8b465ee728b)
Start importing Assets/Prefab/CanvasPresets.prefab using Guid(16111318331536d4ca49ce7446026fa9) Importer(815301076,1909f56bfc062723c751e8b465ee728b)  -> (artifact id: 'b35dc4949a28970bb7a023d5114cb357') in 0.092489 seconds 
========================================================================
Received Import Request.
  Time since last request: 0.000021 seconds.
  path: Assets/Prefab/LetterObjectPrefab.prefab
  artifactKey: Guid(b54bd96c926179a43a1ba16301a37f5e) Importer(815301076,1909f56bfc062723c751e8b465ee728b)
Start importing Assets/Prefab/LetterObjectPrefab.prefab using Guid(b54bd96c926179a43a1ba16301a37f5e) Importer(815301076,1909f56bfc062723c751e8b465ee728b)  -> (artifact id: '2b2ebd9e309bc999e0157063e5c39eb7') in 0.018455 seconds 
========================================================================
Received Import Request.
  Time since last request: 0.000031 seconds.
  path: Assets/Prefab/Menu.prefab
  artifactKey: Guid(b520fe41529d39d47adbbfe355cf803a) Importer(815301076,1909f56bfc062723c751e8b465ee728b)
Start importing Assets/Prefab/Menu.prefab using Guid(b520fe41529d39d47adbbfe355cf803a) Importer(815301076,1909f56bfc062723c751e8b465ee728b)  -> (artifact id: '8b6d1ffbad5b10a7f25f3f42191b025c') in 0.075366 seconds 
========================================================================
Received Import Request.
  Time since last request: 0.000050 seconds.
  path: Assets/Prefab/CanvasCréditos.prefab
  artifactKey: Guid(cf9e4eb6c063f78408e825f7e411c506) Importer(815301076,1909f56bfc062723c751e8b465ee728b)
Start importing Assets/Prefab/CanvasCréditos.prefab using Guid(cf9e4eb6c063f78408e825f7e411c506) Importer(815301076,1909f56bfc062723c751e8b465ee728b)  -> (artifact id: 'ccc86872007fd0bc7082b057468e6245') in 0.066756 seconds 
========================================================================
Received Import Request.
  Time since last request: 1.405190 seconds.
  path: Assets/Scenes/MenuPrincipal.unity
  artifactKey: Guid(c284d2accd9658542a2091632cdc4b0d) Importer(815301076,1909f56bfc062723c751e8b465ee728b)
Start importing Assets/Scenes/MenuPrincipal.unity using Guid(c284d2accd9658542a2091632cdc4b0d) Importer(815301076,1909f56bfc062723c751e8b465ee728b)  -> (artifact id: '9f866d962e7ef4e09f8768ded11c3f18') in 0.053190 seconds 
========================================================================
Received Prepare
Registering precompiled user dll's ...
Registered in 0.012435 seconds.
Begin MonoManager ReloadAssembly
Symbol file LoadedFromMemory doesn't match image C:\Users\GAME-PC\Documents\GitHub\cia\cia\Library\PackageCache\com.unity.visualscripting@1.8.0\Editor\VisualScripting.Core\Dependencies\YamlDotNet\Unity.VisualScripting.YamlDotNet.dll
Symbol file LoadedFromMemory doesn't match image C:\Users\GAME-PC\Documents\GitHub\cia\cia\Library\PackageCache\com.unity.visualscripting@1.8.0\Editor\VisualScripting.Core\Dependencies\DotNetZip\Unity.VisualScripting.IonicZip.dll
Native extension for WindowsStandalone target not found
Refreshing native plugins compatible for Editor in 1.13 ms, found 4 plugins.
Preloading 0 native plugins for Editor in 0.00 ms.
Mono: successfully reloaded assembly
- Completed reload, in  1.252 seconds
Domain Reload Profiling:
	ReloadAssembly (1253ms)
		BeginReloadAssembly (161ms)
			ExecutionOrderSort (0ms)
			DisableScriptedObjects (9ms)
			BackupInstance (0ms)
			ReleaseScriptingObjects (0ms)
			CreateAndSetChildDomain (41ms)
		EndReloadAssembly (981ms)
			LoadAssemblies (114ms)
			RebuildTransferFunctionScriptingTraits (0ms)
			SetupTypeCache (319ms)
			ReleaseScriptCaches (2ms)
			RebuildScriptCaches (63ms)
			SetupLoadedEditorAssemblies (431ms)
				LogAssemblyErrors (0ms)
				InitializePlatformSupportModulesInManaged (10ms)
				SetLoadedEditorAssemblies (1ms)
				RefreshPlugins (1ms)
				BeforeProcessingInitializeOnLoad (108ms)
				ProcessInitializeOnLoadAttributes (255ms)
				ProcessInitializeOnLoadMethodAttributes (41ms)
				AfterProcessingInitializeOnLoad (15ms)
				EditorAssembliesLoaded (0ms)
			ExecutionOrderSort2 (0ms)
			AwakeInstancesAfterBackupRestoration (8ms)
Platform modules already initialized, skipping
Refreshing native plugins compatible for Editor in 4.12 ms, found 4 plugins.
Preloading 0 native plugins for Editor in 0.00 ms.
Unloading 3943 Unused Serialized files (Serialized files now loaded: 0)
Unloading 27 unused Assets / (26.5 KB). Loaded Objects now: 4460.
Memory consumption went from 149.9 MB to 149.8 MB.
Total: 5.077400 ms (FindLiveObjects: 0.343900 ms CreateObjectMapping: 0.218700 ms MarkObjects: 4.466300 ms  DeleteObjects: 0.047500 ms)

AssetImportParameters requested are different than current active one (requested -> active):
  custom:video-decoder-ogg-theora: a1e56fd34408186e4bbccfd4996cb3dc -> 
  custom:container-muxer-webm: aa71ff27fc2769a1b78a27578f13a17b -> 
  custom:container-demuxer-webm: 4f35f7cbe854078d1ac9338744f61a02 -> 
  custom:video-encoder-webm-vp8: eb34c28f22e8b96e1ab97ce403110664 -> 
  custom:audio-encoder-webm-vorbis: bf7c407c2cedff20999df2af8eb42d56 -> 
  custom:framework-win-MediaFoundation: 216162199b28c13a410421893ffa2e32 -> 
  custom:container-demuxer-ogg: 62fdf1f143b41e24485cea50d1cbac27 -> 
  custom:video-decoder-webm-vp8: 9c59270c3fd7afecdb556c50c9e8de78 -> 
  custom:audio-decoder-ogg-vorbis: bf7c407c2cedff20999df2af8eb42d56 -> 
========================================================================
Received Import Request.
  Time since last request: 4940.371253 seconds.
  path: Assets/Fonts/Bosk.otf
  artifactKey: Guid(d32fce9e76f5c4a45baec8cdbd2e92b5) Importer(815301076,1909f56bfc062723c751e8b465ee728b)
Start importing Assets/Fonts/Bosk.otf using Guid(d32fce9e76f5c4a45baec8cdbd2e92b5) Importer(815301076,1909f56bfc062723c751e8b465ee728b)  -> (artifact id: '3eaf878e3f8d012a823610606e6c3c26') in 1.678093 seconds 
========================================================================
Received Import Request.
  Time since last request: 0.000021 seconds.
  path: Assets/Fonts/daisywhl SDF.asset
  artifactKey: Guid(2864bbb1e4c763442b23a8fc8342e0c8) Importer(815301076,1909f56bfc062723c751e8b465ee728b)
Start importing Assets/Fonts/daisywhl SDF.asset using Guid(2864bbb1e4c763442b23a8fc8342e0c8) Importer(815301076,1909f56bfc062723c751e8b465ee728b)  -> (artifact id: '7472f21dea8e4b7c67293d0dfa69114a') in 0.541952 seconds 
========================================================================
Received Import Request.
  Time since last request: 0.000032 seconds.
  path: Assets/Fonts/typewcond_regular SDF.asset
  artifactKey: Guid(e0be77cd96762c14aa5cfea6032d89be) Importer(815301076,1909f56bfc062723c751e8b465ee728b)
Start importing Assets/Fonts/typewcond_regular SDF.asset using Guid(e0be77cd96762c14aa5cfea6032d89be) Importer(815301076,1909f56bfc062723c751e8b465ee728b)  -> (artifact id: '9842cb331292781ab0b5ef7e72004cbe') in 0.254901 seconds 
========================================================================
Received Import Request.
  Time since last request: 0.000022 seconds.
  path: Assets/Fonts/secrcode.ttf
  artifactKey: Guid(c3ab440c242d11e439ef4d0c2252389a) Importer(815301076,1909f56bfc062723c751e8b465ee728b)
Start importing Assets/Fonts/secrcode.ttf using Guid(c3ab440c242d11e439ef4d0c2252389a) Importer(815301076,1909f56bfc062723c751e8b465ee728b)  -> (artifact id: '53015840e6b0377c0a2356551a90286d') in 0.085557 seconds 
========================================================================
Received Import Request.
  Time since last request: 0.000025 seconds.
  path: Assets/Fonts/Cella SDF.asset
  artifactKey: Guid(10eed7706834c1e49a15cc0e103fe2a9) Importer(815301076,1909f56bfc062723c751e8b465ee728b)
Start importing Assets/Fonts/Cella SDF.asset using Guid(10eed7706834c1e49a15cc0e103fe2a9) Importer(815301076,1909f56bfc062723c751e8b465ee728b)  -> (artifact id: '147fe470e449afc73e2171f41b1a79ee') in 0.241476 seconds 
========================================================================
Received Import Request.
  Time since last request: 0.000024 seconds.
  path: Assets/Fonts/daisywhl.otf
  artifactKey: Guid(f5413594600c9e849bcc30248b3a7d7b) Importer(815301076,1909f56bfc062723c751e8b465ee728b)
Start importing Assets/Fonts/daisywhl.otf using Guid(f5413594600c9e849bcc30248b3a7d7b) Importer(815301076,1909f56bfc062723c751e8b465ee728b)  -> (artifact id: '0941f84270bbcdac8c10f6955abf41da') in 0.049748 seconds 
========================================================================
Received Import Request.
  Time since last request: 74.835661 seconds.
  path: Assets/Fonts/Bosk SDF.asset
  artifactKey: Guid(f99fd02234cc5094b86c46d7cac47d28) Importer(815301076,1909f56bfc062723c751e8b465ee728b)
Start importing Assets/Fonts/Bosk SDF.asset using Guid(f99fd02234cc5094b86c46d7cac47d28) Importer(815301076,1909f56bfc062723c751e8b465ee728b)  -> (artifact id: 'c8b67309498b909fb2750d7c91319e46') in 0.672689 seconds 
========================================================================
Received Import Request.
  Time since last request: 18.934078 seconds.
  path: Assets/Fonts/Bosk SDF.asset
  artifactKey: Guid(f99fd02234cc5094b86c46d7cac47d28) Importer(815301076,1909f56bfc062723c751e8b465ee728b)
Start importing Assets/Fonts/Bosk SDF.asset using Guid(f99fd02234cc5094b86c46d7cac47d28) Importer(815301076,1909f56bfc062723c751e8b465ee728b)  -> (artifact id: '3970e582fedec092088f3356c0920a27') in 0.135428 seconds 
========================================================================
Received Import Request.
  Time since last request: 132.096936 seconds.
  path: Assets/Fonts/Bosk SDF.asset
  artifactKey: Guid(f99fd02234cc5094b86c46d7cac47d28) Importer(815301076,1909f56bfc062723c751e8b465ee728b)
Start importing Assets/Fonts/Bosk SDF.asset using Guid(f99fd02234cc5094b86c46d7cac47d28) Importer(815301076,1909f56bfc062723c751e8b465ee728b)  -> (artifact id: 'ff5f46a7705d177b23d5eb1981bda8c4') in 0.022365 seconds 
========================================================================
Received Import Request.
  Time since last request: 20.940364 seconds.
  path: Assets/Scenes/TelaCasos.unity
  artifactKey: Guid(72cb8a0e6b2ee3643b953a3732d69c33) Importer(815301076,1909f56bfc062723c751e8b465ee728b)
Start importing Assets/Scenes/TelaCasos.unity using Guid(72cb8a0e6b2ee3643b953a3732d69c33) Importer(815301076,1909f56bfc062723c751e8b465ee728b)  -> (artifact id: '7ed9316379c945bca9435488f9a8d647') in 0.003056 seconds 
========================================================================
Received Import Request.
  Time since last request: 19.153106 seconds.
  path: Assets/Músicas/Audio Mixer.mixer
  artifactKey: Guid(3393c59d1d6ef65409ac67dfb1e9b2cb) Importer(815301076,1909f56bfc062723c751e8b465ee728b)
Start importing Assets/Músicas/Audio Mixer.mixer using Guid(3393c59d1d6ef65409ac67dfb1e9b2cb) Importer(815301076,1909f56bfc062723c751e8b465ee728b)  -> (artifact id: 'f7be7f57905b694f517e7d1b0c92e6a3') in 0.159660 seconds 
========================================================================
Received Import Request.
  Time since last request: 0.000031 seconds.
  path: Assets/Músicas/DetetiveDoBem.ogg
  artifactKey: Guid(d9aeacc609097b149bb04ee2a7dbf3cb) Importer(815301076,1909f56bfc062723c751e8b465ee728b)
Start importing Assets/Músicas/DetetiveDoBem.ogg using Guid(d9aeacc609097b149bb04ee2a7dbf3cb) Importer(815301076,1909f56bfc062723c751e8b465ee728b)  -> (artifact id: '513097f8e6b4f90c55a1afe96429a5c7') in 1.602289 seconds 
========================================================================
Received Import Request.
  Time since last request: 3.585964 seconds.
  path: Assets/Sprites/bonus.png
  artifactKey: Guid(d128312ef618e6841b51f9c0911f4363) Importer(815301076,1909f56bfc062723c751e8b465ee728b)
Start importing Assets/Sprites/bonus.png using Guid(d128312ef618e6841b51f9c0911f4363) Importer(815301076,1909f56bfc062723c751e8b465ee728b)  -> (artifact id: 'ddaaa5842f6c79d7b138522277dfbb10') in 0.585618 seconds 
========================================================================
Received Import Request.
  Time since last request: 0.000033 seconds.
  path: Assets/Sprites/TelaFundo.png
  artifactKey: Guid(04b4827ec028b6e47822a2292f8a0b62) Importer(815301076,1909f56bfc062723c751e8b465ee728b)
Start importing Assets/Sprites/TelaFundo.png using Guid(04b4827ec028b6e47822a2292f8a0b62) Importer(815301076,1909f56bfc062723c751e8b465ee728b)  -> (artifact id: '95fa050133ca56e8a97bee44de7704ca') in 0.251140 seconds 
========================================================================
Received Import Request.
  Time since last request: 0.000052 seconds.
  path: Assets/Sprites/Narrativa.png
  artifactKey: Guid(28be9051cc20a014fa89c611532de3fe) Importer(815301076,1909f56bfc062723c751e8b465ee728b)
Start importing Assets/Sprites/Narrativa.png using Guid(28be9051cc20a014fa89c611532de3fe) Importer(815301076,1909f56bfc062723c751e8b465ee728b)  -> (artifact id: '4ee5a6f1b1b5abe55f05b21378eb7f5e') in 0.198093 seconds 
========================================================================
Received Import Request.
  Time since last request: 0.000015 seconds.
  path: Assets/Sprites/telaCREDITOS_ConfiguraçãoModificada.png
  artifactKey: Guid(50ba76fa179f491498dfb9e66c084f2b) Importer(815301076,1909f56bfc062723c751e8b465ee728b)
Start importing Assets/Sprites/telaCREDITOS_ConfiguraçãoModificada.png using Guid(50ba76fa179f491498dfb9e66c084f2b) Importer(815301076,1909f56bfc062723c751e8b465ee728b)  -> (artifact id: 'c06b973d4f5a8cd9d56b61e0149d3f0b') in 0.152289 seconds 
========================================================================
Received Import Request.
  Time since last request: 0.000021 seconds.
  path: Assets/Sprites/Capturar.PNG
  artifactKey: Guid(f7daa9c472bc0fb4ea1389b8379f6ff7) Importer(815301076,1909f56bfc062723c751e8b465ee728b)
Start importing Assets/Sprites/Capturar.PNG using Guid(f7daa9c472bc0fb4ea1389b8379f6ff7) Importer(815301076,1909f56bfc062723c751e8b465ee728b)  -> (artifact id: '56281db8b7e5ee4e8eac7f63c44d6687') in 0.076413 seconds 
========================================================================
Received Import Request.
  Time since last request: 55.854103 seconds.
  path: Assets/Fonts/SUBSCRIBER-Regular SDF.asset
  artifactKey: Guid(19881a4104cff394da9c42bf63fe8d54) Importer(815301076,1909f56bfc062723c751e8b465ee728b)
Start importing Assets/Fonts/SUBSCRIBER-Regular SDF.asset using Guid(19881a4104cff394da9c42bf63fe8d54) Importer(815301076,1909f56bfc062723c751e8b465ee728b)  -> (artifact id: 'd08531bf60b58bf200bca1f48caab3af') in 0.153220 seconds 
========================================================================
Received Import Request.
  Time since last request: 11.853956 seconds.
  path: Assets/Fonts/Bosk SDF.asset
  artifactKey: Guid(f99fd02234cc5094b86c46d7cac47d28) Importer(815301076,1909f56bfc062723c751e8b465ee728b)
Start importing Assets/Fonts/Bosk SDF.asset using Guid(f99fd02234cc5094b86c46d7cac47d28) Importer(815301076,1909f56bfc062723c751e8b465ee728b)  -> (artifact id: '402d30cfb50925e9fb45bc6e799144c3') in 0.024425 seconds 
========================================================================
Received Import Request.
  Time since last request: 1104.737736 seconds.
  path: Assets/Fonts/SUBSCRIBER-Regular SDF.asset
  artifactKey: Guid(19881a4104cff394da9c42bf63fe8d54) Importer(815301076,1909f56bfc062723c751e8b465ee728b)
Start importing Assets/Fonts/SUBSCRIBER-Regular SDF.asset using Guid(19881a4104cff394da9c42bf63fe8d54) Importer(815301076,1909f56bfc062723c751e8b465ee728b)  -> (artifact id: '6956e7d94b747ef8be351729e41388a3') in 0.026587 seconds 
========================================================================
Received Import Request.
  Time since last request: 2125.783018 seconds.
  path: Assets/Scenes/TelaJogo.unity
  artifactKey: Guid(ad6fc78f80815c54dad812b6e415b94b) Importer(815301076,1909f56bfc062723c751e8b465ee728b)
Start importing Assets/Scenes/TelaJogo.unity using Guid(ad6fc78f80815c54dad812b6e415b94b) Importer(815301076,1909f56bfc062723c751e8b465ee728b)  -> (artifact id: '7e451d611c8d6adf64942887e8d75661') in 0.064611 seconds 
========================================================================
Received Import Request.
  Time since last request: 905.706148 seconds.
  path: Assets/Scripts/ObjectivesController.cs
  artifactKey: Guid(624a9f69726b22443b05b5ffbcce2a74) Importer(815301076,1909f56bfc062723c751e8b465ee728b)
Start importing Assets/Scripts/ObjectivesController.cs using Guid(624a9f69726b22443b05b5ffbcce2a74) Importer(815301076,1909f56bfc062723c751e8b465ee728b)  -> (artifact id: 'b6f9808b75f7163d50f2d3c027a6a0e9') in 0.064633 seconds 
========================================================================
Received Import Request.
  Time since last request: 11.610325 seconds.
  path: Assets/Scripts/ObjectivesController.cs
  artifactKey: Guid(624a9f69726b22443b05b5ffbcce2a74) Importer(815301076,1909f56bfc062723c751e8b465ee728b)
Start importing Assets/Scripts/ObjectivesController.cs using Guid(624a9f69726b22443b05b5ffbcce2a74) Importer(815301076,1909f56bfc062723c751e8b465ee728b)  -> (artifact id: '8a7a2e30d6d2d32d12412d12380a1405') in 0.002556 seconds 
========================================================================
Received Import Request.
  Time since last request: 12.419449 seconds.
  path: Assets/Scripts/ObjectivesController.cs
  artifactKey: Guid(624a9f69726b22443b05b5ffbcce2a74) Importer(815301076,1909f56bfc062723c751e8b465ee728b)
Start importing Assets/Scripts/ObjectivesController.cs using Guid(624a9f69726b22443b05b5ffbcce2a74) Importer(815301076,1909f56bfc062723c751e8b465ee728b)  -> (artifact id: '558f3bfbfd04e3989abdb737cc7932e9') in 0.003747 seconds 
========================================================================
Received Prepare
Registering precompiled user dll's ...
Registered in 0.012281 seconds.
Begin MonoManager ReloadAssembly
Symbol file LoadedFromMemory doesn't match image C:\Users\GAME-PC\Documents\GitHub\cia\cia\Library\PackageCache\com.unity.visualscripting@1.8.0\Editor\VisualScripting.Core\Dependencies\YamlDotNet\Unity.VisualScripting.YamlDotNet.dll
Symbol file LoadedFromMemory doesn't match image C:\Users\GAME-PC\Documents\GitHub\cia\cia\Library\PackageCache\com.unity.visualscripting@1.8.0\Editor\VisualScripting.Core\Dependencies\DotNetZip\Unity.VisualScripting.IonicZip.dll
Native extension for WindowsStandalone target not found
Refreshing native plugins compatible for Editor in 0.97 ms, found 4 plugins.
Preloading 0 native plugins for Editor in 0.00 ms.
Mono: successfully reloaded assembly
- Completed reload, in  1.117 seconds
Domain Reload Profiling:
	ReloadAssembly (1118ms)
		BeginReloadAssembly (166ms)
			ExecutionOrderSort (0ms)
			DisableScriptedObjects (6ms)
			BackupInstance (0ms)
			ReleaseScriptingObjects (0ms)
			CreateAndSetChildDomain (36ms)
		EndReloadAssembly (815ms)
			LoadAssemblies (131ms)
			RebuildTransferFunctionScriptingTraits (0ms)
			SetupTypeCache (259ms)
			ReleaseScriptCaches (1ms)
			RebuildScriptCaches (43ms)
			SetupLoadedEditorAssemblies (363ms)
				LogAssemblyErrors (0ms)
				InitializePlatformSupportModulesInManaged (8ms)
				SetLoadedEditorAssemblies (1ms)
				RefreshPlugins (1ms)
				BeforeProcessingInitializeOnLoad (84ms)
				ProcessInitializeOnLoadAttributes (223ms)
				ProcessInitializeOnLoadMethodAttributes (34ms)
				AfterProcessingInitializeOnLoad (14ms)
				EditorAssembliesLoaded (0ms)
			ExecutionOrderSort2 (0ms)
			AwakeInstancesAfterBackupRestoration (9ms)
Platform modules already initialized, skipping
Refreshing native plugins compatible for Editor in 3.42 ms, found 4 plugins.
Preloading 0 native plugins for Editor in 0.00 ms.
Unloading 3943 Unused Serialized files (Serialized files now loaded: 0)
Unloading 25 unused Assets / (24.9 KB). Loaded Objects now: 4520.
Memory consumption went from 154.7 MB to 154.7 MB.
Total: 51.703900 ms (FindLiveObjects: 0.267300 ms CreateObjectMapping: 0.183700 ms MarkObjects: 51.228600 ms  DeleteObjects: 0.023300 ms)

AssetImportParameters requested are different than current active one (requested -> active):
  custom:video-decoder-ogg-theora: a1e56fd34408186e4bbccfd4996cb3dc -> 
  custom:container-muxer-webm: aa71ff27fc2769a1b78a27578f13a17b -> 
  custom:container-demuxer-webm: 4f35f7cbe854078d1ac9338744f61a02 -> 
  custom:video-encoder-webm-vp8: eb34c28f22e8b96e1ab97ce403110664 -> 
  custom:audio-encoder-webm-vorbis: bf7c407c2cedff20999df2af8eb42d56 -> 
  custom:framework-win-MediaFoundation: 216162199b28c13a410421893ffa2e32 -> 
  custom:container-demuxer-ogg: 62fdf1f143b41e24485cea50d1cbac27 -> 
  custom:video-decoder-webm-vp8: 9c59270c3fd7afecdb556c50c9e8de78 -> 
  custom:audio-decoder-ogg-vorbis: bf7c407c2cedff20999df2af8eb42d56 -> 
========================================================================
Received Import Request.
  Time since last request: 162.226156 seconds.
  path: Assets/Images/diagosquare.png
  artifactKey: Guid(bc398a95903d543778cabed3e8c1c851) Importer(815301076,1909f56bfc062723c751e8b465ee728b)
Start importing Assets/Images/diagosquare.png using Guid(bc398a95903d543778cabed3e8c1c851) Importer(815301076,1909f56bfc062723c751e8b465ee728b)  -> (artifact id: '93c88c6b98b4144523eef246b6ad6e92') in 0.306577 seconds 
========================================================================
Received Import Request.
  Time since last request: 0.000041 seconds.
  path: Assets/Images/logo.png
  artifactKey: Guid(eca81b0d7aec64b0fa8709e3a7f2126a) Importer(815301076,1909f56bfc062723c751e8b465ee728b)
Start importing Assets/Images/logo.png using Guid(eca81b0d7aec64b0fa8709e3a7f2126a) Importer(815301076,1909f56bfc062723c751e8b465ee728b)  -> (artifact id: 'a6cb7fe7d1b2c0cd8c7314564cab5f93') in 0.215490 seconds 
========================================================================
Received Import Request.
  Time since last request: 0.000023 seconds.
  path: Assets/Images/square.png
  artifactKey: Guid(c777c9f38557a4b79a78c3823754c2b6) Importer(815301076,1909f56bfc062723c751e8b465ee728b)
Start importing Assets/Images/square.png using Guid(c777c9f38557a4b79a78c3823754c2b6) Importer(815301076,1909f56bfc062723c751e8b465ee728b)  -> (artifact id: 'ad256fb615bfa7906690a4721ef05430') in 0.071987 seconds 
========================================================================
Received Import Request.
  Time since last request: 0.000017 seconds.
  path: Assets/Images/highlight.png
  artifactKey: Guid(81d2246618eb745f8a1459cc4d266d42) Importer(815301076,1909f56bfc062723c751e8b465ee728b)
Start importing Assets/Images/highlight.png using Guid(81d2246618eb745f8a1459cc4d266d42) Importer(815301076,1909f56bfc062723c751e8b465ee728b)  -> (artifact id: 'add35c57fb97fe1e47ba2fa999447c40') in 0.110366 seconds 
========================================================================
Received Import Request.
  Time since last request: 6.077505 seconds.
  path: Assets/Sprites/TelaInicialModificada.png
  artifactKey: Guid(0d383ef635200b348ace0d86c5bcafed) Importer(815301076,1909f56bfc062723c751e8b465ee728b)
Start importing Assets/Sprites/TelaInicialModificada.png using Guid(0d383ef635200b348ace0d86c5bcafed) Importer(815301076,1909f56bfc062723c751e8b465ee728b)  -> (artifact id: '6409c5441cf4800246bbec6fe9c42954') in 0.442121 seconds 
========================================================================
Received Import Request.
  Time since last request: 1.736600 seconds.
  path: Assets/Sprites/Cena
  artifactKey: Guid(8dc5c7812b0ab244abdb6cbe1381b324) Importer(815301076,1909f56bfc062723c751e8b465ee728b)
Start importing Assets/Sprites/Cena using Guid(8dc5c7812b0ab244abdb6cbe1381b324) Importer(815301076,1909f56bfc062723c751e8b465ee728b)  -> (artifact id: '8b420a96762013e3dc67b4823e31b09e') in 0.009298 seconds 
========================================================================
Received Import Request.
  Time since last request: 0.000041 seconds.
  path: Assets/Sprites/Cena/balaoM.png
  artifactKey: Guid(bc5f6ca913f260f4f83c952a66e5c84d) Importer(815301076,1909f56bfc062723c751e8b465ee728b)
Start importing Assets/Sprites/Cena/balaoM.png using Guid(bc5f6ca913f260f4f83c952a66e5c84d) Importer(815301076,1909f56bfc062723c751e8b465ee728b)  -> (artifact id: '8d0eca844cc1b9207550c4d5b3bf4cbf') in 0.102169 seconds 
========================================================================
Received Import Request.
  Time since last request: 0.000019 seconds.
  path: Assets/Sprites/Cena/fundo3.png
  artifactKey: Guid(af2d86fa6ee84ad40958b4901b5115d9) Importer(815301076,1909f56bfc062723c751e8b465ee728b)
Start importing Assets/Sprites/Cena/fundo3.png using Guid(af2d86fa6ee84ad40958b4901b5115d9) Importer(815301076,1909f56bfc062723c751e8b465ee728b)  -> (artifact id: 'f93247b8ced5b731732617fae9d280b1') in 0.237530 seconds 
========================================================================
Received Import Request.
  Time since last request: 0.000022 seconds.
  path: Assets/Sprites/Cena/caso_aberto.png
  artifactKey: Guid(eda3626217ac7c04798b4acf587b639c) Importer(815301076,1909f56bfc062723c751e8b465ee728b)
Start importing Assets/Sprites/Cena/caso_aberto.png using Guid(eda3626217ac7c04798b4acf587b639c) Importer(815301076,1909f56bfc062723c751e8b465ee728b)  -> (artifact id: 'cf55d8671743a2e335770193de797c3e') in 0.164204 seconds 
========================================================================
Received Import Request.
  Time since last request: 0.000015 seconds.
  path: Assets/Sprites/Cena/lampada1.png
  artifactKey: Guid(e588dab8b2902e54cbd23f50b09846b6) Importer(815301076,1909f56bfc062723c751e8b465ee728b)
Start importing Assets/Sprites/Cena/lampada1.png using Guid(e588dab8b2902e54cbd23f50b09846b6) Importer(815301076,1909f56bfc062723c751e8b465ee728b)  -> (artifact id: 'e061ee927d11ea1a534c03174b303aa7') in 0.353451 seconds 
========================================================================
Received Import Request.
  Time since last request: 0.000020 seconds.
  path: Assets/Sprites/Cena/balaoP.png
  artifactKey: Guid(524aafc94f3696d468a85a42ded853bd) Importer(815301076,1909f56bfc062723c751e8b465ee728b)
Start importing Assets/Sprites/Cena/balaoP.png using Guid(524aafc94f3696d468a85a42ded853bd) Importer(815301076,1909f56bfc062723c751e8b465ee728b)  -> (artifact id: '89af9a809f5b61567c88be8fd3fcf146') in 0.156650 seconds 
========================================================================
Received Import Request.
  Time since last request: 0.000027 seconds.
  path: Assets/Sprites/Cena/botao_2-TRANSPARENTE.png
  artifactKey: Guid(c455ff1f3226d72499ae2cc0570d830d) Importer(815301076,1909f56bfc062723c751e8b465ee728b)
Start importing Assets/Sprites/Cena/botao_2-TRANSPARENTE.png using Guid(c455ff1f3226d72499ae2cc0570d830d) Importer(815301076,1909f56bfc062723c751e8b465ee728b)  -> (artifact id: 'ca82d9c285639e25df6ea674e1e54e4d') in 0.069864 seconds 
========================================================================
Received Import Request.
  Time since last request: 0.000020 seconds.
  path: Assets/Sprites/Cena/luminariaLuz.png
  artifactKey: Guid(440d37cbec12d0b459584e37dda6b2ec) Importer(815301076,1909f56bfc062723c751e8b465ee728b)
Start importing Assets/Sprites/Cena/luminariaLuz.png using Guid(440d37cbec12d0b459584e37dda6b2ec) Importer(815301076,1909f56bfc062723c751e8b465ee728b)  -> (artifact id: '342f1219c22eb028cd5cf5d999cd82a5') in 0.097325 seconds 
========================================================================
Received Import Request.
  Time since last request: 0.000022 seconds.
  path: Assets/Sprites/Cena/lampada2.png
  artifactKey: Guid(17aae428a9c53df4abda8492f1bfa826) Importer(815301076,1909f56bfc062723c751e8b465ee728b)
Start importing Assets/Sprites/Cena/lampada2.png using Guid(17aae428a9c53df4abda8492f1bfa826) Importer(815301076,1909f56bfc062723c751e8b465ee728b)  -> (artifact id: '8211c82b5222c85a942c148d646c61c8') in 0.268599 seconds 
========================================================================
Received Import Request.
  Time since last request: 0.000027 seconds.
  path: Assets/Sprites/Cena/rolmesExp3.png
  artifactKey: Guid(4db02a8196fd7c74a94c27ef84616f8f) Importer(815301076,1909f56bfc062723c751e8b465ee728b)
Start importing Assets/Sprites/Cena/rolmesExp3.png using Guid(4db02a8196fd7c74a94c27ef84616f8f) Importer(815301076,1909f56bfc062723c751e8b465ee728b)  -> (artifact id: 'd3a0e4d7f801423393d36904a62fc1ae') in 0.157280 seconds 
========================================================================
Received Import Request.
  Time since last request: 0.000017 seconds.
  path: Assets/Sprites/Cena/botao_1-TRANSPARENTE.png
  artifactKey: Guid(2ea6e44bcf657b648851fb0694db091b) Importer(815301076,1909f56bfc062723c751e8b465ee728b)
Start importing Assets/Sprites/Cena/botao_1-TRANSPARENTE.png using Guid(2ea6e44bcf657b648851fb0694db091b) Importer(815301076,1909f56bfc062723c751e8b465ee728b)  -> (artifact id: 'bc5acf98795f47f18bff7c852aa923a3') in 0.044035 seconds 
========================================================================
Received Import Request.
  Time since last request: 0.000018 seconds.
  path: Assets/Sprites/Cena/rolmes.png
  artifactKey: Guid(5fd48fca39d773d4687906eed68309b1) Importer(815301076,1909f56bfc062723c751e8b465ee728b)
Start importing Assets/Sprites/Cena/rolmes.png using Guid(5fd48fca39d773d4687906eed68309b1) Importer(815301076,1909f56bfc062723c751e8b465ee728b)  -> (artifact id: '2f1ec1c6eff014e6fcb9d3e6823a1702') in 0.145026 seconds 
========================================================================
Received Import Request.
  Time since last request: 0.000026 seconds.
  path: Assets/Sprites/Cena/balaoG.png
  artifactKey: Guid(483887052afb9534d8168a52d5cc0899) Importer(815301076,1909f56bfc062723c751e8b465ee728b)
Start importing Assets/Sprites/Cena/balaoG.png using Guid(483887052afb9534d8168a52d5cc0899) Importer(815301076,1909f56bfc062723c751e8b465ee728b)  -> (artifact id: '194d169dcef696ad11ace170668dcded') in 0.148187 seconds 
========================================================================
Received Import Request.
  Time since last request: 0.531160 seconds.
  path: Assets/Sprites/Cena/skip.png
  artifactKey: Guid(a70e568458241e94d91377808152a176) Importer(815301076,1909f56bfc062723c751e8b465ee728b)
Start importing Assets/Sprites/Cena/skip.png using Guid(a70e568458241e94d91377808152a176) Importer(815301076,1909f56bfc062723c751e8b465ee728b)  -> (artifact id: '72c3ef8e77eaeddd984ffe7e154eaa57') in 0.126309 seconds 
========================================================================
Received Import Request.
  Time since last request: 13.342453 seconds.
  path: Assets/Sprites/Tela de Jogo/ampulheta 2.png
  artifactKey: Guid(45fdbcea8edd2c946b5204cca3f86f75) Importer(815301076,1909f56bfc062723c751e8b465ee728b)
Start importing Assets/Sprites/Tela de Jogo/ampulheta 2.png using Guid(45fdbcea8edd2c946b5204cca3f86f75) Importer(815301076,1909f56bfc062723c751e8b465ee728b)  -> (artifact id: '3c193c6a7aa85f813cfc244383d60bbd') in 0.279262 seconds 
========================================================================
Received Import Request.
  Time since last request: 0.000018 seconds.
  path: Assets/Sprites/Tela de Jogo/configMenu2.png
  artifactKey: Guid(cf3091dde1df4004991e5cdd3eecff78) Importer(815301076,1909f56bfc062723c751e8b465ee728b)
Start importing Assets/Sprites/Tela de Jogo/configMenu2.png using Guid(cf3091dde1df4004991e5cdd3eecff78) Importer(815301076,1909f56bfc062723c751e8b465ee728b)  -> (artifact id: 'bb3e1146efd8257cdcaa2e6f6644ed8d') in 0.106891 seconds 
========================================================================
Received Import Request.
  Time since last request: 0.000034 seconds.
  path: Assets/Sprites/Tela de Jogo/maquina.png
  artifactKey: Guid(0fb5acfd381e0514693c3f8752ebb0fd) Importer(815301076,1909f56bfc062723c751e8b465ee728b)
Start importing Assets/Sprites/Tela de Jogo/maquina.png using Guid(0fb5acfd381e0514693c3f8752ebb0fd) Importer(815301076,1909f56bfc062723c751e8b465ee728b)  -> (artifact id: 'dead78d23df911cc67692c42bd6436c1') in 0.098577 seconds 
========================================================================
Received Import Request.
  Time since last request: 0.000016 seconds.
  path: Assets/Sprites/Tela de Jogo/bonus2 1.png
  artifactKey: Guid(b754de9c9dac4bf449d6f4388810c162) Importer(815301076,1909f56bfc062723c751e8b465ee728b)
Start importing Assets/Sprites/Tela de Jogo/bonus2 1.png using Guid(b754de9c9dac4bf449d6f4388810c162) Importer(815301076,1909f56bfc062723c751e8b465ee728b)  -> (artifact id: 'edaf6ea5586e120bdc6169936339b543') in 0.123718 seconds 
========================================================================
Received Import Request.
  Time since last request: 0.000019 seconds.
  path: Assets/Sprites/Tela de Jogo/bonusSelecao-BRANCO.png
  artifactKey: Guid(415fca7593d705642b57f81e23bd53d2) Importer(815301076,1909f56bfc062723c751e8b465ee728b)
Start importing Assets/Sprites/Tela de Jogo/bonusSelecao-BRANCO.png using Guid(415fca7593d705642b57f81e23bd53d2) Importer(815301076,1909f56bfc062723c751e8b465ee728b)  -> (artifact id: '7cd7d304cdf9d53b956d563f96df5c9b') in 0.147407 seconds 
========================================================================
Received Import Request.
  Time since last request: 0.000025 seconds.
  path: Assets/Sprites/Tela de Jogo/pause.png
  artifactKey: Guid(0ee01e2644d9a524b964888207290f23) Importer(815301076,1909f56bfc062723c751e8b465ee728b)
Start importing Assets/Sprites/Tela de Jogo/pause.png using Guid(0ee01e2644d9a524b964888207290f23) Importer(815301076,1909f56bfc062723c751e8b465ee728b)  -> (artifact id: '43036846cd9a1ee6fdb272f7b410e2ac') in 0.267915 seconds 
========================================================================
Received Import Request.
  Time since last request: 0.000020 seconds.
  path: Assets/Sprites/Tela de Jogo/bonusClique.png
  artifactKey: Guid(94edd4962e1947240abf9bfa821cd6d9) Importer(815301076,1909f56bfc062723c751e8b465ee728b)
Start importing Assets/Sprites/Tela de Jogo/bonusClique.png using Guid(94edd4962e1947240abf9bfa821cd6d9) Importer(815301076,1909f56bfc062723c751e8b465ee728b)  -> (artifact id: '6464cf2eb35c8d949ac3cf0c2d347c74') in 0.039683 seconds 
========================================================================
Received Import Request.
  Time since last request: 0.000027 seconds.
  path: Assets/Sprites/Tela de Jogo/caderneta.png
  artifactKey: Guid(29f025623d432ac4991bff4d3d274694) Importer(815301076,1909f56bfc062723c751e8b465ee728b)
Start importing Assets/Sprites/Tela de Jogo/caderneta.png using Guid(29f025623d432ac4991bff4d3d274694) Importer(815301076,1909f56bfc062723c751e8b465ee728b)  -> (artifact id: '916d8c597bf31754ccd2f933cd38e913') in 0.194312 seconds 
========================================================================
Received Import Request.
  Time since last request: 0.000015 seconds.
  path: Assets/Sprites/Tela de Jogo/fundo.png
  artifactKey: Guid(40c6c697bf8456e45b141a28ab0b2e17) Importer(815301076,1909f56bfc062723c751e8b465ee728b)
Start importing Assets/Sprites/Tela de Jogo/fundo.png using Guid(40c6c697bf8456e45b141a28ab0b2e17) Importer(815301076,1909f56bfc062723c751e8b465ee728b)  -> (artifact id: '399ccceb6f6750b11312720aa86d7d83') in 0.141951 seconds 
========================================================================
Received Prepare
Registering precompiled user dll's ...
Registered in 0.011258 seconds.
Begin MonoManager ReloadAssembly
Symbol file LoadedFromMemory doesn't match image C:\Users\GAME-PC\Documents\GitHub\cia\cia\Library\PackageCache\com.unity.visualscripting@1.8.0\Editor\VisualScripting.Core\Dependencies\YamlDotNet\Unity.VisualScripting.YamlDotNet.dll
Symbol file LoadedFromMemory doesn't match image C:\Users\GAME-PC\Documents\GitHub\cia\cia\Library\PackageCache\com.unity.visualscripting@1.8.0\Editor\VisualScripting.Core\Dependencies\DotNetZip\Unity.VisualScripting.IonicZip.dll
Native extension for WindowsStandalone target not found
Refreshing native plugins compatible for Editor in 1.28 ms, found 4 plugins.
Preloading 0 native plugins for Editor in 0.00 ms.
Mono: successfully reloaded assembly
- Completed reload, in  1.179 seconds
Domain Reload Profiling:
	ReloadAssembly (1180ms)
		BeginReloadAssembly (179ms)
			ExecutionOrderSort (0ms)
			DisableScriptedObjects (8ms)
			BackupInstance (0ms)
			ReleaseScriptingObjects (0ms)
			CreateAndSetChildDomain (39ms)
		EndReloadAssembly (885ms)
			LoadAssemblies (132ms)
			RebuildTransferFunctionScriptingTraits (0ms)
			SetupTypeCache (253ms)
			ReleaseScriptCaches (1ms)
			RebuildScriptCaches (45ms)
			SetupLoadedEditorAssemblies (432ms)
				LogAssemblyErrors (0ms)
				InitializePlatformSupportModulesInManaged (7ms)
				SetLoadedEditorAssemblies (1ms)
				RefreshPlugins (1ms)
				BeforeProcessingInitializeOnLoad (101ms)
				ProcessInitializeOnLoadAttributes (261ms)
				ProcessInitializeOnLoadMethodAttributes (44ms)
				AfterProcessingInitializeOnLoad (17ms)
				EditorAssembliesLoaded (0ms)
			ExecutionOrderSort2 (0ms)
			AwakeInstancesAfterBackupRestoration (9ms)
Platform modules already initialized, skipping
Refreshing native plugins compatible for Editor in 4.33 ms, found 4 plugins.
Preloading 0 native plugins for Editor in 0.00 ms.
Unloading 3943 Unused Serialized files (Serialized files now loaded: 0)
Unloading 25 unused Assets / (25.0 KB). Loaded Objects now: 4576.
Memory consumption went from 154.8 MB to 154.8 MB.
Total: 2.962800 ms (FindLiveObjects: 0.336900 ms CreateObjectMapping: 0.235700 ms MarkObjects: 2.361800 ms  DeleteObjects: 0.027500 ms)

AssetImportParameters requested are different than current active one (requested -> active):
  custom:video-decoder-ogg-theora: a1e56fd34408186e4bbccfd4996cb3dc -> 
  custom:container-muxer-webm: aa71ff27fc2769a1b78a27578f13a17b -> 
  custom:container-demuxer-webm: 4f35f7cbe854078d1ac9338744f61a02 -> 
  custom:video-encoder-webm-vp8: eb34c28f22e8b96e1ab97ce403110664 -> 
  custom:audio-encoder-webm-vorbis: bf7c407c2cedff20999df2af8eb42d56 -> 
  custom:framework-win-MediaFoundation: 216162199b28c13a410421893ffa2e32 -> 
  custom:container-demuxer-ogg: 62fdf1f143b41e24485cea50d1cbac27 -> 
  custom:video-decoder-webm-vp8: 9c59270c3fd7afecdb556c50c9e8de78 -> 
  custom:audio-decoder-ogg-vorbis: bf7c407c2cedff20999df2af8eb42d56 -> 
========================================================================
Received Prepare
Registering precompiled user dll's ...
Registered in 0.012955 seconds.
Begin MonoManager ReloadAssembly
Symbol file LoadedFromMemory doesn't match image C:\Users\GAME-PC\Documents\GitHub\cia\cia\Library\PackageCache\com.unity.visualscripting@1.8.0\Editor\VisualScripting.Core\Dependencies\YamlDotNet\Unity.VisualScripting.YamlDotNet.dll
Symbol file LoadedFromMemory doesn't match image C:\Users\GAME-PC\Documents\GitHub\cia\cia\Library\PackageCache\com.unity.visualscripting@1.8.0\Editor\VisualScripting.Core\Dependencies\DotNetZip\Unity.VisualScripting.IonicZip.dll
Native extension for WindowsStandalone target not found
Refreshing native plugins compatible for Editor in 0.63 ms, found 4 plugins.
Preloading 0 native plugins for Editor in 0.00 ms.
Mono: successfully reloaded assembly
- Completed reload, in  1.130 seconds
Domain Reload Profiling:
	ReloadAssembly (1131ms)
		BeginReloadAssembly (146ms)
			ExecutionOrderSort (0ms)
			DisableScriptedObjects (7ms)
			BackupInstance (0ms)
			ReleaseScriptingObjects (0ms)
			CreateAndSetChildDomain (31ms)
		EndReloadAssembly (867ms)
			LoadAssemblies (113ms)
			RebuildTransferFunctionScriptingTraits (0ms)
			SetupTypeCache (244ms)
			ReleaseScriptCaches (1ms)
			RebuildScriptCaches (46ms)
			SetupLoadedEditorAssemblies (425ms)
				LogAssemblyErrors (0ms)
				InitializePlatformSupportModulesInManaged (7ms)
				SetLoadedEditorAssemblies (0ms)
				RefreshPlugins (1ms)
				BeforeProcessingInitializeOnLoad (88ms)
				ProcessInitializeOnLoadAttributes (248ms)
				ProcessInitializeOnLoadMethodAttributes (40ms)
				AfterProcessingInitializeOnLoad (40ms)
				EditorAssembliesLoaded (0ms)
			ExecutionOrderSort2 (0ms)
			AwakeInstancesAfterBackupRestoration (8ms)
Platform modules already initialized, skipping
Refreshing native plugins compatible for Editor in 2.98 ms, found 4 plugins.
Preloading 0 native plugins for Editor in 0.00 ms.
Unloading 3943 Unused Serialized files (Serialized files now loaded: 0)
Unloading 25 unused Assets / (25.0 KB). Loaded Objects now: 4579.
Memory consumption went from 154.9 MB to 154.8 MB.
Total: 2.991500 ms (FindLiveObjects: 0.297100 ms CreateObjectMapping: 0.227700 ms MarkObjects: 2.440400 ms  DeleteObjects: 0.025400 ms)

AssetImportParameters requested are different than current active one (requested -> active):
  custom:video-decoder-ogg-theora: a1e56fd34408186e4bbccfd4996cb3dc -> 
  custom:container-muxer-webm: aa71ff27fc2769a1b78a27578f13a17b -> 
  custom:container-demuxer-webm: 4f35f7cbe854078d1ac9338744f61a02 -> 
  custom:video-encoder-webm-vp8: eb34c28f22e8b96e1ab97ce403110664 -> 
  custom:audio-encoder-webm-vorbis: bf7c407c2cedff20999df2af8eb42d56 -> 
  custom:framework-win-MediaFoundation: 216162199b28c13a410421893ffa2e32 -> 
  custom:container-demuxer-ogg: 62fdf1f143b41e24485cea50d1cbac27 -> 
  custom:video-decoder-webm-vp8: 9c59270c3fd7afecdb556c50c9e8de78 -> 
  custom:audio-decoder-ogg-vorbis: bf7c407c2cedff20999df2af8eb42d56 -> 
========================================================================
Received Import Request.
  Time since last request: 839.730253 seconds.
  path: Assets/Sprites/Tela de Jogo
  artifactKey: Guid(a9e6734ad6035c3429834637d939337f) Importer(815301076,1909f56bfc062723c751e8b465ee728b)
Start importing Assets/Sprites/Tela de Jogo using Guid(a9e6734ad6035c3429834637d939337f) Importer(815301076,1909f56bfc062723c751e8b465ee728b)  -> (artifact id: 'c5ae470390746baf353e34cc45b6a0e6') in 0.038027 seconds 
========================================================================
Received Import Request.
  Time since last request: 153.565034 seconds.
  path: Assets/Scenes/TelaCasos.unity
  artifactKey: Guid(72cb8a0e6b2ee3643b953a3732d69c33) Importer(815301076,1909f56bfc062723c751e8b465ee728b)
Start importing Assets/Scenes/TelaCasos.unity using Guid(72cb8a0e6b2ee3643b953a3732d69c33) Importer(815301076,1909f56bfc062723c751e8b465ee728b)  -> (artifact id: '9f153ee7ab9412df325b26aa7869f4dd') in 0.009197 seconds 
========================================================================
Received Import Request.
  Time since last request: 115.336801 seconds.
  path: Assets/Scenes/Narrativa.unity
  artifactKey: Guid(f61f0f74ac69f904da077431be20ea48) Importer(815301076,1909f56bfc062723c751e8b465ee728b)
Start importing Assets/Scenes/Narrativa.unity using Guid(f61f0f74ac69f904da077431be20ea48) Importer(815301076,1909f56bfc062723c751e8b465ee728b)  -> (artifact id: '088a980009e4cc4c2b2d69a63891a4ac') in 0.011397 seconds 
========================================================================
Received Prepare
Registering precompiled user dll's ...
Registered in 0.011984 seconds.
Begin MonoManager ReloadAssembly
Symbol file LoadedFromMemory doesn't match image C:\Users\GAME-PC\Documents\GitHub\cia\cia\Library\PackageCache\com.unity.visualscripting@1.8.0\Editor\VisualScripting.Core\Dependencies\YamlDotNet\Unity.VisualScripting.YamlDotNet.dll
Symbol file LoadedFromMemory doesn't match image C:\Users\GAME-PC\Documents\GitHub\cia\cia\Library\PackageCache\com.unity.visualscripting@1.8.0\Editor\VisualScripting.Core\Dependencies\DotNetZip\Unity.VisualScripting.IonicZip.dll
Native extension for WindowsStandalone target not found
Refreshing native plugins compatible for Editor in 0.83 ms, found 4 plugins.
Preloading 0 native plugins for Editor in 0.00 ms.
Mono: successfully reloaded assembly
- Completed reload, in  1.270 seconds
Domain Reload Profiling:
	ReloadAssembly (1271ms)
		BeginReloadAssembly (154ms)
			ExecutionOrderSort (0ms)
			DisableScriptedObjects (9ms)
			BackupInstance (0ms)
			ReleaseScriptingObjects (0ms)
			CreateAndSetChildDomain (32ms)
		EndReloadAssembly (995ms)
			LoadAssemblies (123ms)
			RebuildTransferFunctionScriptingTraits (0ms)
			SetupTypeCache (324ms)
			ReleaseScriptCaches (2ms)
			RebuildScriptCaches (61ms)
			SetupLoadedEditorAssemblies (433ms)
				LogAssemblyErrors (0ms)
				InitializePlatformSupportModulesInManaged (10ms)
				SetLoadedEditorAssemblies (1ms)
				RefreshPlugins (1ms)
				BeforeProcessingInitializeOnLoad (111ms)
				ProcessInitializeOnLoadAttributes (254ms)
				ProcessInitializeOnLoadMethodAttributes (40ms)
				AfterProcessingInitializeOnLoad (16ms)
				EditorAssembliesLoaded (0ms)
			ExecutionOrderSort2 (0ms)
			AwakeInstancesAfterBackupRestoration (7ms)
Platform modules already initialized, skipping
Refreshing native plugins compatible for Editor in 3.40 ms, found 4 plugins.
Preloading 0 native plugins for Editor in 0.00 ms.
Unloading 3943 Unused Serialized files (Serialized files now loaded: 0)
Unloading 25 unused Assets / (24.9 KB). Loaded Objects now: 4582.
Memory consumption went from 154.9 MB to 154.8 MB.
Total: 3.806900 ms (FindLiveObjects: 0.289800 ms CreateObjectMapping: 0.288000 ms MarkObjects: 3.202500 ms  DeleteObjects: 0.025400 ms)

AssetImportParameters requested are different than current active one (requested -> active):
  custom:video-decoder-ogg-theora: a1e56fd34408186e4bbccfd4996cb3dc -> 
  custom:container-muxer-webm: aa71ff27fc2769a1b78a27578f13a17b -> 
  custom:container-demuxer-webm: 4f35f7cbe854078d1ac9338744f61a02 -> 
  custom:video-encoder-webm-vp8: eb34c28f22e8b96e1ab97ce403110664 -> 
  custom:audio-encoder-webm-vorbis: bf7c407c2cedff20999df2af8eb42d56 -> 
  custom:framework-win-MediaFoundation: 216162199b28c13a410421893ffa2e32 -> 
  custom:container-demuxer-ogg: 62fdf1f143b41e24485cea50d1cbac27 -> 
  custom:video-decoder-webm-vp8: 9c59270c3fd7afecdb556c50c9e8de78 -> 
  custom:audio-decoder-ogg-vorbis: bf7c407c2cedff20999df2af8eb42d56 -> 
========================================================================
Received Prepare
Registering precompiled user dll's ...
Registered in 0.011509 seconds.
Begin MonoManager ReloadAssembly
Symbol file LoadedFromMemory doesn't match image C:\Users\GAME-PC\Documents\GitHub\cia\cia\Library\PackageCache\com.unity.visualscripting@1.8.0\Editor\VisualScripting.Core\Dependencies\YamlDotNet\Unity.VisualScripting.YamlDotNet.dll
Symbol file LoadedFromMemory doesn't match image C:\Users\GAME-PC\Documents\GitHub\cia\cia\Library\PackageCache\com.unity.visualscripting@1.8.0\Editor\VisualScripting.Core\Dependencies\DotNetZip\Unity.VisualScripting.IonicZip.dll
Native extension for WindowsStandalone target not found
Refreshing native plugins compatible for Editor in 0.66 ms, found 4 plugins.
Preloading 0 native plugins for Editor in 0.00 ms.
Mono: successfully reloaded assembly
- Completed reload, in  1.520 seconds
Domain Reload Profiling:
	ReloadAssembly (1520ms)
		BeginReloadAssembly (227ms)
			ExecutionOrderSort (0ms)
			DisableScriptedObjects (10ms)
			BackupInstance (0ms)
			ReleaseScriptingObjects (0ms)
			CreateAndSetChildDomain (46ms)
		EndReloadAssembly (909ms)
			LoadAssemblies (172ms)
			RebuildTransferFunctionScriptingTraits (0ms)
			SetupTypeCache (318ms)
			ReleaseScriptCaches (1ms)
			RebuildScriptCaches (61ms)
			SetupLoadedEditorAssemblies (367ms)
				LogAssemblyErrors (0ms)
				InitializePlatformSupportModulesInManaged (7ms)
				SetLoadedEditorAssemblies (1ms)
				RefreshPlugins (1ms)
				BeforeProcessingInitializeOnLoad (101ms)
				ProcessInitializeOnLoadAttributes (211ms)
				ProcessInitializeOnLoadMethodAttributes (33ms)
				AfterProcessingInitializeOnLoad (13ms)
				EditorAssembliesLoaded (0ms)
			ExecutionOrderSort2 (0ms)
			AwakeInstancesAfterBackupRestoration (7ms)
Platform modules already initialized, skipping
